<?xml version="1.0" encoding="UTF-8"?>
<testng-results skipped="16" failed="1" total="20" passed="3">
  <reporter-output>
  </reporter-output>
  <suite name="Parallel test runs" duration-ms="323811" started-at="2016-01-17T19:16:43Z" finished-at="2016-01-17T19:22:07Z">
    <groups>
    </groups>
    <test name="Firefox Test  Login and Post" duration-ms="44" started-at="2016-01-17T19:16:43Z" finished-at="2016-01-17T19:16:43Z">
      <class name="com.testcases.CommentTestCaseFarhan">
        <test-method status="FAIL" signature="setUp(java.lang.String)[pri:0, instance:com.testcases.CommentTestCaseFarhan@4c419444]" name="setUp" is-config="true" duration-ms="0" started-at="2016-01-18T00:16:43Z" finished-at="2016-01-18T00:16:43Z">
          <params>
            <param index="0">
              <value>
                <![CDATA[firefox]]>
              </value>
            </param>
          </params>
          <exception class="java.lang.NullPointerException">
            <full-stacktrace>
              <![CDATA[java.lang.NullPointerException
	at com.baseDriver.BaseDriver.setUp(BaseDriver.java:62)
	at sun.reflect.NativeMethodAccessorImpl.invoke0(Native Method)
	at sun.reflect.NativeMethodAccessorImpl.invoke(NativeMethodAccessorImpl.java:57)
	at sun.reflect.DelegatingMethodAccessorImpl.invoke(DelegatingMethodAccessorImpl.java:43)
	at java.lang.reflect.Method.invoke(Method.java:606)
	at org.testng.internal.MethodInvocationHelper.invokeMethod(MethodInvocationHelper.java:85)
	at org.testng.internal.Invoker.invokeConfigurationMethod(Invoker.java:510)
	at org.testng.internal.Invoker.invokeConfigurations(Invoker.java:211)
	at org.testng.internal.Invoker.invokeConfigurations(Invoker.java:138)
	at org.testng.internal.TestMethodWorker.invokeBeforeClassMethods(TestMethodWorker.java:170)
	at org.testng.internal.TestMethodWorker.run(TestMethodWorker.java:104)
	at org.testng.TestRunner.privateRun(TestRunner.java:773)
	at org.testng.TestRunner.run(TestRunner.java:623)
	at org.testng.SuiteRunner.runTest(SuiteRunner.java:357)
	at org.testng.SuiteRunner.access$000(SuiteRunner.java:39)
	at org.testng.SuiteRunner$SuiteWorker.run(SuiteRunner.java:391)
	at org.testng.internal.thread.ThreadUtil$2.call(ThreadUtil.java:64)
	at java.util.concurrent.FutureTask.run(FutureTask.java:262)
	at java.util.concurrent.ThreadPoolExecutor.runWorker(ThreadPoolExecutor.java:1145)
	at java.util.concurrent.ThreadPoolExecutor$Worker.run(ThreadPoolExecutor.java:615)
	at java.lang.Thread.run(Thread.java:745)
]]>
            </full-stacktrace>
          </exception> <!-- java.lang.NullPointerException -->
          <reporter-output>
          </reporter-output>
        </test-method> <!-- setUp -->
        <test-method status="SKIP" signature="commentTestCase()[pri:0, instance:com.testcases.CommentTestCaseFarhan@4c419444]" name="commentTestCase" duration-ms="1" started-at="2016-01-18T00:16:43Z" finished-at="2016-01-18T00:16:43Z">
          <reporter-output>
          </reporter-output>
        </test-method> <!-- commentTestCase -->
        <test-method status="SKIP" signature="tearDown()[pri:0, instance:com.testcases.CommentTestCaseFarhan@4c419444]" name="tearDown" is-config="true" duration-ms="0" started-at="2016-01-18T00:16:43Z" finished-at="2016-01-18T00:16:43Z">
          <reporter-output>
          </reporter-output>
        </test-method> <!-- tearDown -->
      </class> <!-- com.testcases.CommentTestCaseFarhan -->
    </test> <!-- Firefox Test  Login and Post -->
    <test name="Chrome Test Login and Post" duration-ms="8" started-at="2016-01-17T19:16:43Z" finished-at="2016-01-17T19:16:43Z">
      <class name="com.testcases.CommentTestCaseFarhan">
        <test-method status="FAIL" signature="setUp(java.lang.String)[pri:0, instance:com.testcases.CommentTestCaseFarhan@78812862]" name="setUp" is-config="true" duration-ms="0" started-at="2016-01-18T00:16:43Z" finished-at="2016-01-18T00:16:43Z">
          <params>
            <param index="0">
              <value>
                <![CDATA[chrome]]>
              </value>
            </param>
          </params>
          <exception class="java.lang.NullPointerException">
            <full-stacktrace>
              <![CDATA[java.lang.NullPointerException
	at com.baseDriver.BaseDriver.setUp(BaseDriver.java:62)
	at sun.reflect.NativeMethodAccessorImpl.invoke0(Native Method)
	at sun.reflect.NativeMethodAccessorImpl.invoke(NativeMethodAccessorImpl.java:57)
	at sun.reflect.DelegatingMethodAccessorImpl.invoke(DelegatingMethodAccessorImpl.java:43)
	at java.lang.reflect.Method.invoke(Method.java:606)
	at org.testng.internal.MethodInvocationHelper.invokeMethod(MethodInvocationHelper.java:85)
	at org.testng.internal.Invoker.invokeConfigurationMethod(Invoker.java:510)
	at org.testng.internal.Invoker.invokeConfigurations(Invoker.java:211)
	at org.testng.internal.Invoker.invokeConfigurations(Invoker.java:138)
	at org.testng.internal.TestMethodWorker.invokeBeforeClassMethods(TestMethodWorker.java:170)
	at org.testng.internal.TestMethodWorker.run(TestMethodWorker.java:104)
	at org.testng.TestRunner.privateRun(TestRunner.java:773)
	at org.testng.TestRunner.run(TestRunner.java:623)
	at org.testng.SuiteRunner.runTest(SuiteRunner.java:357)
	at org.testng.SuiteRunner.access$000(SuiteRunner.java:39)
	at org.testng.SuiteRunner$SuiteWorker.run(SuiteRunner.java:391)
	at org.testng.internal.thread.ThreadUtil$2.call(ThreadUtil.java:64)
	at java.util.concurrent.FutureTask.run(FutureTask.java:262)
	at java.util.concurrent.ThreadPoolExecutor.runWorker(ThreadPoolExecutor.java:1145)
	at java.util.concurrent.ThreadPoolExecutor$Worker.run(ThreadPoolExecutor.java:615)
	at java.lang.Thread.run(Thread.java:745)
]]>
            </full-stacktrace>
          </exception> <!-- java.lang.NullPointerException -->
          <reporter-output>
          </reporter-output>
        </test-method> <!-- setUp -->
        <test-method status="SKIP" signature="commentTestCase()[pri:0, instance:com.testcases.CommentTestCaseFarhan@78812862]" name="commentTestCase" duration-ms="1" started-at="2016-01-18T00:16:43Z" finished-at="2016-01-18T00:16:43Z">
          <reporter-output>
          </reporter-output>
        </test-method> <!-- commentTestCase -->
        <test-method status="SKIP" signature="tearDown()[pri:0, instance:com.testcases.CommentTestCaseFarhan@78812862]" name="tearDown" is-config="true" duration-ms="0" started-at="2016-01-18T00:16:43Z" finished-at="2016-01-18T00:16:43Z">
          <reporter-output>
          </reporter-output>
        </test-method> <!-- tearDown -->
      </class> <!-- com.testcases.CommentTestCaseFarhan -->
    </test> <!-- Chrome Test Login and Post -->
    <test name="IExplore Test Login and Post" duration-ms="6" started-at="2016-01-17T19:16:43Z" finished-at="2016-01-17T19:16:43Z">
      <class name="com.testcases.CommentTestCaseFarhan">
        <test-method status="FAIL" signature="setUp(java.lang.String)[pri:0, instance:com.testcases.CommentTestCaseFarhan@6cf5b81a]" name="setUp" is-config="true" duration-ms="0" started-at="2016-01-18T00:16:43Z" finished-at="2016-01-18T00:16:43Z">
          <params>
            <param index="0">
              <value>
                <![CDATA[internetExplorer]]>
              </value>
            </param>
          </params>
          <exception class="java.lang.NullPointerException">
            <full-stacktrace>
              <![CDATA[java.lang.NullPointerException
	at com.baseDriver.BaseDriver.setUp(BaseDriver.java:62)
	at sun.reflect.NativeMethodAccessorImpl.invoke0(Native Method)
	at sun.reflect.NativeMethodAccessorImpl.invoke(NativeMethodAccessorImpl.java:57)
	at sun.reflect.DelegatingMethodAccessorImpl.invoke(DelegatingMethodAccessorImpl.java:43)
	at java.lang.reflect.Method.invoke(Method.java:606)
	at org.testng.internal.MethodInvocationHelper.invokeMethod(MethodInvocationHelper.java:85)
	at org.testng.internal.Invoker.invokeConfigurationMethod(Invoker.java:510)
	at org.testng.internal.Invoker.invokeConfigurations(Invoker.java:211)
	at org.testng.internal.Invoker.invokeConfigurations(Invoker.java:138)
	at org.testng.internal.TestMethodWorker.invokeBeforeClassMethods(TestMethodWorker.java:170)
	at org.testng.internal.TestMethodWorker.run(TestMethodWorker.java:104)
	at org.testng.TestRunner.privateRun(TestRunner.java:773)
	at org.testng.TestRunner.run(TestRunner.java:623)
	at org.testng.SuiteRunner.runTest(SuiteRunner.java:357)
	at org.testng.SuiteRunner.access$000(SuiteRunner.java:39)
	at org.testng.SuiteRunner$SuiteWorker.run(SuiteRunner.java:391)
	at org.testng.internal.thread.ThreadUtil$2.call(ThreadUtil.java:64)
	at java.util.concurrent.FutureTask.run(FutureTask.java:262)
	at java.util.concurrent.ThreadPoolExecutor.runWorker(ThreadPoolExecutor.java:1145)
	at java.util.concurrent.ThreadPoolExecutor$Worker.run(ThreadPoolExecutor.java:615)
	at java.lang.Thread.run(Thread.java:745)
]]>
            </full-stacktrace>
          </exception> <!-- java.lang.NullPointerException -->
          <reporter-output>
          </reporter-output>
        </test-method> <!-- setUp -->
        <test-method status="SKIP" signature="commentTestCase()[pri:0, instance:com.testcases.CommentTestCaseFarhan@6cf5b81a]" name="commentTestCase" duration-ms="1" started-at="2016-01-18T00:16:43Z" finished-at="2016-01-18T00:16:43Z">
          <reporter-output>
          </reporter-output>
        </test-method> <!-- commentTestCase -->
        <test-method status="SKIP" signature="tearDown()[pri:0, instance:com.testcases.CommentTestCaseFarhan@6cf5b81a]" name="tearDown" is-config="true" duration-ms="0" started-at="2016-01-18T00:16:43Z" finished-at="2016-01-18T00:16:43Z">
          <reporter-output>
          </reporter-output>
        </test-method> <!-- tearDown -->
      </class> <!-- com.testcases.CommentTestCaseFarhan -->
    </test> <!-- IExplore Test Login and Post -->
    <test name="Safari Test  Login and Post" duration-ms="28358" started-at="2016-01-17T19:16:43Z" finished-at="2016-01-17T19:17:12Z">
      <class name="com.testcases.CommentTestCaseFarhan">
        <test-method status="PASS" signature="setUp(java.lang.String)[pri:0, instance:com.testcases.CommentTestCaseFarhan@751401c2]" name="setUp" is-config="true" duration-ms="1196" started-at="2016-01-18T00:16:43Z" finished-at="2016-01-18T00:16:45Z">
          <params>
            <param index="0">
              <value>
                <![CDATA[safari]]>
              </value>
            </param>
          </params>
          <reporter-output>
          </reporter-output>
        </test-method> <!-- setUp -->
        <test-method status="PASS" signature="commentTestCase()[pri:0, instance:com.testcases.CommentTestCaseFarhan@751401c2]" name="commentTestCase" duration-ms="27156" started-at="2016-01-18T00:16:45Z" finished-at="2016-01-18T00:17:12Z">
          <reporter-output>
          </reporter-output>
        </test-method> <!-- commentTestCase -->
        <test-method status="PASS" signature="tearDown()[pri:0, instance:com.testcases.CommentTestCaseFarhan@751401c2]" name="tearDown" is-config="true" duration-ms="1" started-at="2016-01-18T00:17:12Z" finished-at="2016-01-18T00:17:12Z">
          <reporter-output>
          </reporter-output>
        </test-method> <!-- tearDown -->
      </class> <!-- com.testcases.CommentTestCaseFarhan -->
    </test> <!-- Safari Test  Login and Post -->
    <test name="Firefox Test Signin and Comment" duration-ms="7" started-at="2016-01-17T19:17:12Z" finished-at="2016-01-17T19:17:12Z">
      <class name="com.testcases.CommentMobileArenaTestCase">
        <test-method status="FAIL" signature="setUp(java.lang.String)[pri:0, instance:com.testcases.CommentMobileArenaTestCase@6bee8099]" name="setUp" is-config="true" duration-ms="0" started-at="2016-01-18T00:17:12Z" finished-at="2016-01-18T00:17:12Z">
          <params>
            <param index="0">
              <value>
                <![CDATA[firefox]]>
              </value>
            </param>
          </params>
          <exception class="java.lang.NullPointerException">
            <full-stacktrace>
              <![CDATA[java.lang.NullPointerException
	at com.baseDriver.BaseDriver.setUp(BaseDriver.java:62)
	at sun.reflect.NativeMethodAccessorImpl.invoke0(Native Method)
	at sun.reflect.NativeMethodAccessorImpl.invoke(NativeMethodAccessorImpl.java:57)
	at sun.reflect.DelegatingMethodAccessorImpl.invoke(DelegatingMethodAccessorImpl.java:43)
	at java.lang.reflect.Method.invoke(Method.java:606)
	at org.testng.internal.MethodInvocationHelper.invokeMethod(MethodInvocationHelper.java:85)
	at org.testng.internal.Invoker.invokeConfigurationMethod(Invoker.java:510)
	at org.testng.internal.Invoker.invokeConfigurations(Invoker.java:211)
	at org.testng.internal.Invoker.invokeConfigurations(Invoker.java:138)
	at org.testng.internal.TestMethodWorker.invokeBeforeClassMethods(TestMethodWorker.java:170)
	at org.testng.internal.TestMethodWorker.run(TestMethodWorker.java:104)
	at org.testng.TestRunner.privateRun(TestRunner.java:773)
	at org.testng.TestRunner.run(TestRunner.java:623)
	at org.testng.SuiteRunner.runTest(SuiteRunner.java:357)
	at org.testng.SuiteRunner.access$000(SuiteRunner.java:39)
	at org.testng.SuiteRunner$SuiteWorker.run(SuiteRunner.java:391)
	at org.testng.internal.thread.ThreadUtil$2.call(ThreadUtil.java:64)
	at java.util.concurrent.FutureTask.run(FutureTask.java:262)
	at java.util.concurrent.ThreadPoolExecutor.runWorker(ThreadPoolExecutor.java:1145)
	at java.util.concurrent.ThreadPoolExecutor$Worker.run(ThreadPoolExecutor.java:615)
	at java.lang.Thread.run(Thread.java:745)
]]>
            </full-stacktrace>
          </exception> <!-- java.lang.NullPointerException -->
          <reporter-output>
          </reporter-output>
        </test-method> <!-- setUp -->
        <test-method status="SKIP" signature="commentMobileArenaTestCase()[pri:0, instance:com.testcases.CommentMobileArenaTestCase@6bee8099]" name="commentMobileArenaTestCase" duration-ms="1" started-at="2016-01-18T00:17:12Z" finished-at="2016-01-18T00:17:12Z">
          <reporter-output>
          </reporter-output>
        </test-method> <!-- commentMobileArenaTestCase -->
        <test-method status="SKIP" signature="tearDown()[pri:0, instance:com.testcases.CommentMobileArenaTestCase@6bee8099]" name="tearDown" is-config="true" duration-ms="0" started-at="2016-01-18T00:17:12Z" finished-at="2016-01-18T00:17:12Z">
          <reporter-output>
          </reporter-output>
        </test-method> <!-- tearDown -->
      </class> <!-- com.testcases.CommentMobileArenaTestCase -->
    </test> <!-- Firefox Test Signin and Comment -->
    <test name="Chrome Test Signin and Comment" duration-ms="6" started-at="2016-01-17T19:17:12Z" finished-at="2016-01-17T19:17:12Z">
      <class name="com.testcases.CommentMobileArenaTestCase">
        <test-method status="FAIL" signature="setUp(java.lang.String)[pri:0, instance:com.testcases.CommentMobileArenaTestCase@7aa23ce2]" name="setUp" is-config="true" duration-ms="0" started-at="2016-01-18T00:17:12Z" finished-at="2016-01-18T00:17:12Z">
          <params>
            <param index="0">
              <value>
                <![CDATA[chrome]]>
              </value>
            </param>
          </params>
          <exception class="java.lang.NullPointerException">
            <full-stacktrace>
              <![CDATA[java.lang.NullPointerException
	at com.baseDriver.BaseDriver.setUp(BaseDriver.java:62)
	at sun.reflect.NativeMethodAccessorImpl.invoke0(Native Method)
	at sun.reflect.NativeMethodAccessorImpl.invoke(NativeMethodAccessorImpl.java:57)
	at sun.reflect.DelegatingMethodAccessorImpl.invoke(DelegatingMethodAccessorImpl.java:43)
	at java.lang.reflect.Method.invoke(Method.java:606)
	at org.testng.internal.MethodInvocationHelper.invokeMethod(MethodInvocationHelper.java:85)
	at org.testng.internal.Invoker.invokeConfigurationMethod(Invoker.java:510)
	at org.testng.internal.Invoker.invokeConfigurations(Invoker.java:211)
	at org.testng.internal.Invoker.invokeConfigurations(Invoker.java:138)
	at org.testng.internal.TestMethodWorker.invokeBeforeClassMethods(TestMethodWorker.java:170)
	at org.testng.internal.TestMethodWorker.run(TestMethodWorker.java:104)
	at org.testng.TestRunner.privateRun(TestRunner.java:773)
	at org.testng.TestRunner.run(TestRunner.java:623)
	at org.testng.SuiteRunner.runTest(SuiteRunner.java:357)
	at org.testng.SuiteRunner.access$000(SuiteRunner.java:39)
	at org.testng.SuiteRunner$SuiteWorker.run(SuiteRunner.java:391)
	at org.testng.internal.thread.ThreadUtil$2.call(ThreadUtil.java:64)
	at java.util.concurrent.FutureTask.run(FutureTask.java:262)
	at java.util.concurrent.ThreadPoolExecutor.runWorker(ThreadPoolExecutor.java:1145)
	at java.util.concurrent.ThreadPoolExecutor$Worker.run(ThreadPoolExecutor.java:615)
	at java.lang.Thread.run(Thread.java:745)
]]>
            </full-stacktrace>
          </exception> <!-- java.lang.NullPointerException -->
          <reporter-output>
          </reporter-output>
        </test-method> <!-- setUp -->
        <test-method status="SKIP" signature="commentMobileArenaTestCase()[pri:0, instance:com.testcases.CommentMobileArenaTestCase@7aa23ce2]" name="commentMobileArenaTestCase" duration-ms="1" started-at="2016-01-18T00:17:12Z" finished-at="2016-01-18T00:17:12Z">
          <reporter-output>
          </reporter-output>
        </test-method> <!-- commentMobileArenaTestCase -->
        <test-method status="SKIP" signature="tearDown()[pri:0, instance:com.testcases.CommentMobileArenaTestCase@7aa23ce2]" name="tearDown" is-config="true" duration-ms="0" started-at="2016-01-18T00:17:12Z" finished-at="2016-01-18T00:17:12Z">
          <reporter-output>
          </reporter-output>
        </test-method> <!-- tearDown -->
      </class> <!-- com.testcases.CommentMobileArenaTestCase -->
    </test> <!-- Chrome Test Signin and Comment -->
    <test name="IExplore Test Signin and Comment" duration-ms="6" started-at="2016-01-17T19:17:12Z" finished-at="2016-01-17T19:17:12Z">
      <class name="com.testcases.CommentMobileArenaTestCase">
        <test-method status="FAIL" signature="setUp(java.lang.String)[pri:0, instance:com.testcases.CommentMobileArenaTestCase@78d7a8bb]" name="setUp" is-config="true" duration-ms="0" started-at="2016-01-18T00:17:12Z" finished-at="2016-01-18T00:17:12Z">
          <params>
            <param index="0">
              <value>
                <![CDATA[internetExplorer]]>
              </value>
            </param>
          </params>
          <exception class="java.lang.NullPointerException">
            <full-stacktrace>
              <![CDATA[java.lang.NullPointerException
	at com.baseDriver.BaseDriver.setUp(BaseDriver.java:62)
	at sun.reflect.NativeMethodAccessorImpl.invoke0(Native Method)
	at sun.reflect.NativeMethodAccessorImpl.invoke(NativeMethodAccessorImpl.java:57)
	at sun.reflect.DelegatingMethodAccessorImpl.invoke(DelegatingMethodAccessorImpl.java:43)
	at java.lang.reflect.Method.invoke(Method.java:606)
	at org.testng.internal.MethodInvocationHelper.invokeMethod(MethodInvocationHelper.java:85)
	at org.testng.internal.Invoker.invokeConfigurationMethod(Invoker.java:510)
	at org.testng.internal.Invoker.invokeConfigurations(Invoker.java:211)
	at org.testng.internal.Invoker.invokeConfigurations(Invoker.java:138)
	at org.testng.internal.TestMethodWorker.invokeBeforeClassMethods(TestMethodWorker.java:170)
	at org.testng.internal.TestMethodWorker.run(TestMethodWorker.java:104)
	at org.testng.TestRunner.privateRun(TestRunner.java:773)
	at org.testng.TestRunner.run(TestRunner.java:623)
	at org.testng.SuiteRunner.runTest(SuiteRunner.java:357)
	at org.testng.SuiteRunner.access$000(SuiteRunner.java:39)
	at org.testng.SuiteRunner$SuiteWorker.run(SuiteRunner.java:391)
	at org.testng.internal.thread.ThreadUtil$2.call(ThreadUtil.java:64)
	at java.util.concurrent.FutureTask.run(FutureTask.java:262)
	at java.util.concurrent.ThreadPoolExecutor.runWorker(ThreadPoolExecutor.java:1145)
	at java.util.concurrent.ThreadPoolExecutor$Worker.run(ThreadPoolExecutor.java:615)
	at java.lang.Thread.run(Thread.java:745)
]]>
            </full-stacktrace>
          </exception> <!-- java.lang.NullPointerException -->
          <reporter-output>
          </reporter-output>
        </test-method> <!-- setUp -->
        <test-method status="SKIP" signature="commentMobileArenaTestCase()[pri:0, instance:com.testcases.CommentMobileArenaTestCase@78d7a8bb]" name="commentMobileArenaTestCase" duration-ms="1" started-at="2016-01-18T00:17:12Z" finished-at="2016-01-18T00:17:12Z">
          <reporter-output>
          </reporter-output>
        </test-method> <!-- commentMobileArenaTestCase -->
        <test-method status="SKIP" signature="tearDown()[pri:0, instance:com.testcases.CommentMobileArenaTestCase@78d7a8bb]" name="tearDown" is-config="true" duration-ms="0" started-at="2016-01-18T00:17:12Z" finished-at="2016-01-18T00:17:12Z">
          <reporter-output>
          </reporter-output>
        </test-method> <!-- tearDown -->
      </class> <!-- com.testcases.CommentMobileArenaTestCase -->
    </test> <!-- IExplore Test Signin and Comment -->
    <test name="Safari Test Signin and Comment" duration-ms="137858" started-at="2016-01-17T19:17:12Z" finished-at="2016-01-17T19:19:30Z">
      <class name="com.testcases.CommentMobileArenaTestCase">
        <test-method status="PASS" signature="setUp(java.lang.String)[pri:0, instance:com.testcases.CommentMobileArenaTestCase@48e472f8]" name="setUp" is-config="true" duration-ms="402" started-at="2016-01-18T00:17:12Z" finished-at="2016-01-18T00:17:12Z">
          <params>
            <param index="0">
              <value>
                <![CDATA[safari]]>
              </value>
            </param>
          </params>
          <reporter-output>
          </reporter-output>
        </test-method> <!-- setUp -->
        <test-method status="PASS" signature="commentMobileArenaTestCase()[pri:0, instance:com.testcases.CommentMobileArenaTestCase@48e472f8]" name="commentMobileArenaTestCase" duration-ms="137454" started-at="2016-01-18T00:17:12Z" finished-at="2016-01-18T00:19:30Z">
          <reporter-output>
          </reporter-output>
        </test-method> <!-- commentMobileArenaTestCase -->
        <test-method status="PASS" signature="tearDown()[pri:0, instance:com.testcases.CommentMobileArenaTestCase@48e472f8]" name="tearDown" is-config="true" duration-ms="0" started-at="2016-01-18T00:19:30Z" finished-at="2016-01-18T00:19:30Z">
          <reporter-output>
          </reporter-output>
        </test-method> <!-- tearDown -->
      </class> <!-- com.testcases.CommentMobileArenaTestCase -->
    </test> <!-- Safari Test Signin and Comment -->
    <test name="Chrome Test Amim" duration-ms="7" started-at="2016-01-17T19:19:30Z" finished-at="2016-01-17T19:19:30Z">
      <class name="com.amim.testcases.ParallelTest">
        <test-method status="FAIL" signature="setUp(java.lang.String)[pri:0, instance:com.amim.testcases.ParallelTest@3dddc4d1]" name="setUp" is-config="true" duration-ms="0" started-at="2016-01-18T00:19:30Z" finished-at="2016-01-18T00:19:30Z">
          <params>
            <param index="0">
              <value>
                <![CDATA[chrome]]>
              </value>
            </param>
          </params>
          <exception class="java.lang.NullPointerException">
            <full-stacktrace>
              <![CDATA[java.lang.NullPointerException
	at com.baseDriver.BaseDriver.setUp(BaseDriver.java:62)
	at sun.reflect.NativeMethodAccessorImpl.invoke0(Native Method)
	at sun.reflect.NativeMethodAccessorImpl.invoke(NativeMethodAccessorImpl.java:57)
	at sun.reflect.DelegatingMethodAccessorImpl.invoke(DelegatingMethodAccessorImpl.java:43)
	at java.lang.reflect.Method.invoke(Method.java:606)
	at org.testng.internal.MethodInvocationHelper.invokeMethod(MethodInvocationHelper.java:85)
	at org.testng.internal.Invoker.invokeConfigurationMethod(Invoker.java:510)
	at org.testng.internal.Invoker.invokeConfigurations(Invoker.java:211)
	at org.testng.internal.Invoker.invokeConfigurations(Invoker.java:138)
	at org.testng.internal.TestMethodWorker.invokeBeforeClassMethods(TestMethodWorker.java:170)
	at org.testng.internal.TestMethodWorker.run(TestMethodWorker.java:104)
	at org.testng.TestRunner.privateRun(TestRunner.java:773)
	at org.testng.TestRunner.run(TestRunner.java:623)
	at org.testng.SuiteRunner.runTest(SuiteRunner.java:357)
	at org.testng.SuiteRunner.access$000(SuiteRunner.java:39)
	at org.testng.SuiteRunner$SuiteWorker.run(SuiteRunner.java:391)
	at org.testng.internal.thread.ThreadUtil$2.call(ThreadUtil.java:64)
	at java.util.concurrent.FutureTask.run(FutureTask.java:262)
	at java.util.concurrent.ThreadPoolExecutor.runWorker(ThreadPoolExecutor.java:1145)
	at java.util.concurrent.ThreadPoolExecutor$Worker.run(ThreadPoolExecutor.java:615)
	at java.lang.Thread.run(Thread.java:745)
]]>
            </full-stacktrace>
          </exception> <!-- java.lang.NullPointerException -->
          <reporter-output>
          </reporter-output>
        </test-method> <!-- setUp -->
        <test-method status="SKIP" signature="mytest1()[pri:0, instance:com.amim.testcases.ParallelTest@3dddc4d1]" name="mytest1" duration-ms="1" started-at="2016-01-18T00:19:30Z" finished-at="2016-01-18T00:19:30Z">
          <reporter-output>
          </reporter-output>
        </test-method> <!-- mytest1 -->
        <test-method status="SKIP" signature="tearDown()[pri:0, instance:com.amim.testcases.ParallelTest@3dddc4d1]" name="tearDown" is-config="true" duration-ms="0" started-at="2016-01-18T00:19:30Z" finished-at="2016-01-18T00:19:30Z">
          <reporter-output>
          </reporter-output>
        </test-method> <!-- tearDown -->
      </class> <!-- com.amim.testcases.ParallelTest -->
    </test> <!-- Chrome Test Amim -->
    <test name="Firefox Test Amim" duration-ms="4" started-at="2016-01-17T19:19:30Z" finished-at="2016-01-17T19:19:30Z">
      <class name="com.amim.testcases.ParallelTest">
        <test-method status="FAIL" signature="setUp(java.lang.String)[pri:0, instance:com.amim.testcases.ParallelTest@76f6805b]" name="setUp" is-config="true" duration-ms="0" started-at="2016-01-18T00:19:30Z" finished-at="2016-01-18T00:19:30Z">
          <params>
            <param index="0">
              <value>
                <![CDATA[firefox]]>
              </value>
            </param>
          </params>
          <exception class="java.lang.NullPointerException">
            <full-stacktrace>
              <![CDATA[java.lang.NullPointerException
	at com.baseDriver.BaseDriver.setUp(BaseDriver.java:62)
	at sun.reflect.NativeMethodAccessorImpl.invoke0(Native Method)
	at sun.reflect.NativeMethodAccessorImpl.invoke(NativeMethodAccessorImpl.java:57)
	at sun.reflect.DelegatingMethodAccessorImpl.invoke(DelegatingMethodAccessorImpl.java:43)
	at java.lang.reflect.Method.invoke(Method.java:606)
	at org.testng.internal.MethodInvocationHelper.invokeMethod(MethodInvocationHelper.java:85)
	at org.testng.internal.Invoker.invokeConfigurationMethod(Invoker.java:510)
	at org.testng.internal.Invoker.invokeConfigurations(Invoker.java:211)
	at org.testng.internal.Invoker.invokeConfigurations(Invoker.java:138)
	at org.testng.internal.TestMethodWorker.invokeBeforeClassMethods(TestMethodWorker.java:170)
	at org.testng.internal.TestMethodWorker.run(TestMethodWorker.java:104)
	at org.testng.TestRunner.privateRun(TestRunner.java:773)
	at org.testng.TestRunner.run(TestRunner.java:623)
	at org.testng.SuiteRunner.runTest(SuiteRunner.java:357)
	at org.testng.SuiteRunner.access$000(SuiteRunner.java:39)
	at org.testng.SuiteRunner$SuiteWorker.run(SuiteRunner.java:391)
	at org.testng.internal.thread.ThreadUtil$2.call(ThreadUtil.java:64)
	at java.util.concurrent.FutureTask.run(FutureTask.java:262)
	at java.util.concurrent.ThreadPoolExecutor.runWorker(ThreadPoolExecutor.java:1145)
	at java.util.concurrent.ThreadPoolExecutor$Worker.run(ThreadPoolExecutor.java:615)
	at java.lang.Thread.run(Thread.java:745)
]]>
            </full-stacktrace>
          </exception> <!-- java.lang.NullPointerException -->
          <reporter-output>
          </reporter-output>
        </test-method> <!-- setUp -->
        <test-method status="SKIP" signature="mytest1()[pri:0, instance:com.amim.testcases.ParallelTest@76f6805b]" name="mytest1" duration-ms="1" started-at="2016-01-18T00:19:30Z" finished-at="2016-01-18T00:19:30Z">
          <reporter-output>
          </reporter-output>
        </test-method> <!-- mytest1 -->
        <test-method status="SKIP" signature="tearDown()[pri:0, instance:com.amim.testcases.ParallelTest@76f6805b]" name="tearDown" is-config="true" duration-ms="0" started-at="2016-01-18T00:19:30Z" finished-at="2016-01-18T00:19:30Z">
          <reporter-output>
          </reporter-output>
        </test-method> <!-- tearDown -->
      </class> <!-- com.amim.testcases.ParallelTest -->
    </test> <!-- Firefox Test Amim -->
    <test name="Safari Test Amim" duration-ms="44153" started-at="2016-01-17T19:19:30Z" finished-at="2016-01-17T19:20:14Z">
      <class name="com.amim.testcases.ParallelTest">
        <test-method status="PASS" signature="setUp(java.lang.String)[pri:0, instance:com.amim.testcases.ParallelTest@674009d2]" name="setUp" is-config="true" duration-ms="486" started-at="2016-01-18T00:19:30Z" finished-at="2016-01-18T00:19:30Z">
          <params>
            <param index="0">
              <value>
                <![CDATA[safari]]>
              </value>
            </param>
          </params>
          <reporter-output>
          </reporter-output>
        </test-method> <!-- setUp -->
        <test-method status="PASS" signature="mytest1()[pri:0, instance:com.amim.testcases.ParallelTest@674009d2]" name="mytest1" duration-ms="43663" started-at="2016-01-18T00:19:30Z" finished-at="2016-01-18T00:20:14Z">
          <reporter-output>
          </reporter-output>
        </test-method> <!-- mytest1 -->
        <test-method status="PASS" signature="tearDown()[pri:0, instance:com.amim.testcases.ParallelTest@674009d2]" name="tearDown" is-config="true" duration-ms="1" started-at="2016-01-18T00:20:14Z" finished-at="2016-01-18T00:20:14Z">
          <reporter-output>
          </reporter-output>
        </test-method> <!-- tearDown -->
      </class> <!-- com.amim.testcases.ParallelTest -->
    </test> <!-- Safari Test Amim -->
    <test name="Internet Explorer Amim" duration-ms="5" started-at="2016-01-17T19:20:14Z" finished-at="2016-01-17T19:20:14Z">
      <class name="com.amim.testcases.ParallelTest">
        <test-method status="FAIL" signature="setUp(java.lang.String)[pri:0, instance:com.amim.testcases.ParallelTest@4570415f]" name="setUp" is-config="true" duration-ms="0" started-at="2016-01-18T00:20:14Z" finished-at="2016-01-18T00:20:14Z">
          <params>
            <param index="0">
              <value>
                <![CDATA[InternetExplorer]]>
              </value>
            </param>
          </params>
          <exception class="java.lang.NullPointerException">
            <full-stacktrace>
              <![CDATA[java.lang.NullPointerException
	at com.baseDriver.BaseDriver.setUp(BaseDriver.java:62)
	at sun.reflect.NativeMethodAccessorImpl.invoke0(Native Method)
	at sun.reflect.NativeMethodAccessorImpl.invoke(NativeMethodAccessorImpl.java:57)
	at sun.reflect.DelegatingMethodAccessorImpl.invoke(DelegatingMethodAccessorImpl.java:43)
	at java.lang.reflect.Method.invoke(Method.java:606)
	at org.testng.internal.MethodInvocationHelper.invokeMethod(MethodInvocationHelper.java:85)
	at org.testng.internal.Invoker.invokeConfigurationMethod(Invoker.java:510)
	at org.testng.internal.Invoker.invokeConfigurations(Invoker.java:211)
	at org.testng.internal.Invoker.invokeConfigurations(Invoker.java:138)
	at org.testng.internal.TestMethodWorker.invokeBeforeClassMethods(TestMethodWorker.java:170)
	at org.testng.internal.TestMethodWorker.run(TestMethodWorker.java:104)
	at org.testng.TestRunner.privateRun(TestRunner.java:773)
	at org.testng.TestRunner.run(TestRunner.java:623)
	at org.testng.SuiteRunner.runTest(SuiteRunner.java:357)
	at org.testng.SuiteRunner.access$000(SuiteRunner.java:39)
	at org.testng.SuiteRunner$SuiteWorker.run(SuiteRunner.java:391)
	at org.testng.internal.thread.ThreadUtil$2.call(ThreadUtil.java:64)
	at java.util.concurrent.FutureTask.run(FutureTask.java:262)
	at java.util.concurrent.ThreadPoolExecutor.runWorker(ThreadPoolExecutor.java:1145)
	at java.util.concurrent.ThreadPoolExecutor$Worker.run(ThreadPoolExecutor.java:615)
	at java.lang.Thread.run(Thread.java:745)
]]>
            </full-stacktrace>
          </exception> <!-- java.lang.NullPointerException -->
          <reporter-output>
          </reporter-output>
        </test-method> <!-- setUp -->
        <test-method status="SKIP" signature="mytest1()[pri:0, instance:com.amim.testcases.ParallelTest@4570415f]" name="mytest1" duration-ms="0" started-at="2016-01-18T00:20:14Z" finished-at="2016-01-18T00:20:14Z">
          <reporter-output>
          </reporter-output>
        </test-method> <!-- mytest1 -->
        <test-method status="SKIP" signature="tearDown()[pri:0, instance:com.amim.testcases.ParallelTest@4570415f]" name="tearDown" is-config="true" duration-ms="0" started-at="2016-01-18T00:20:14Z" finished-at="2016-01-18T00:20:14Z">
          <reporter-output>
          </reporter-output>
        </test-method> <!-- tearDown -->
      </class> <!-- com.amim.testcases.ParallelTest -->
    </test> <!-- Internet Explorer Amim -->
    <test name="Chrome Test Signup" duration-ms="5" started-at="2016-01-17T19:20:14Z" finished-at="2016-01-17T19:20:14Z">
      <class name="com.testcases.SignUpMobileArenaTestCase">
        <test-method status="FAIL" signature="setUp(java.lang.String)[pri:0, instance:com.testcases.SignUpMobileArenaTestCase@6acbdf6e]" name="setUp" is-config="true" duration-ms="0" started-at="2016-01-18T00:20:14Z" finished-at="2016-01-18T00:20:14Z">
          <params>
            <param index="0">
              <value>
                <![CDATA[chrome]]>
              </value>
            </param>
          </params>
          <exception class="java.lang.NullPointerException">
            <full-stacktrace>
              <![CDATA[java.lang.NullPointerException
	at com.baseDriver.BaseDriver.setUp(BaseDriver.java:62)
	at sun.reflect.NativeMethodAccessorImpl.invoke0(Native Method)
	at sun.reflect.NativeMethodAccessorImpl.invoke(NativeMethodAccessorImpl.java:57)
	at sun.reflect.DelegatingMethodAccessorImpl.invoke(DelegatingMethodAccessorImpl.java:43)
	at java.lang.reflect.Method.invoke(Method.java:606)
	at org.testng.internal.MethodInvocationHelper.invokeMethod(MethodInvocationHelper.java:85)
	at org.testng.internal.Invoker.invokeConfigurationMethod(Invoker.java:510)
	at org.testng.internal.Invoker.invokeConfigurations(Invoker.java:211)
	at org.testng.internal.Invoker.invokeConfigurations(Invoker.java:138)
	at org.testng.internal.TestMethodWorker.invokeBeforeClassMethods(TestMethodWorker.java:170)
	at org.testng.internal.TestMethodWorker.run(TestMethodWorker.java:104)
	at org.testng.TestRunner.privateRun(TestRunner.java:773)
	at org.testng.TestRunner.run(TestRunner.java:623)
	at org.testng.SuiteRunner.runTest(SuiteRunner.java:357)
	at org.testng.SuiteRunner.access$000(SuiteRunner.java:39)
	at org.testng.SuiteRunner$SuiteWorker.run(SuiteRunner.java:391)
	at org.testng.internal.thread.ThreadUtil$2.call(ThreadUtil.java:64)
	at java.util.concurrent.FutureTask.run(FutureTask.java:262)
	at java.util.concurrent.ThreadPoolExecutor.runWorker(ThreadPoolExecutor.java:1145)
	at java.util.concurrent.ThreadPoolExecutor$Worker.run(ThreadPoolExecutor.java:615)
	at java.lang.Thread.run(Thread.java:745)
]]>
            </full-stacktrace>
          </exception> <!-- java.lang.NullPointerException -->
          <reporter-output>
          </reporter-output>
        </test-method> <!-- setUp -->
        <test-method status="SKIP" signature="signUpMobileArenaTestCase()[pri:0, instance:com.testcases.SignUpMobileArenaTestCase@6acbdf6e]" name="signUpMobileArenaTestCase" duration-ms="0" started-at="2016-01-18T00:20:14Z" finished-at="2016-01-18T00:20:14Z">
          <reporter-output>
          </reporter-output>
        </test-method> <!-- signUpMobileArenaTestCase -->
        <test-method status="SKIP" signature="tearDown()[pri:0, instance:com.testcases.SignUpMobileArenaTestCase@6acbdf6e]" name="tearDown" is-config="true" duration-ms="0" started-at="2016-01-18T00:20:14Z" finished-at="2016-01-18T00:20:14Z">
          <reporter-output>
          </reporter-output>
        </test-method> <!-- tearDown -->
      </class> <!-- com.testcases.SignUpMobileArenaTestCase -->
    </test> <!-- Chrome Test Signup -->
    <test name="Firefox Test Signup" duration-ms="9" started-at="2016-01-17T19:20:14Z" finished-at="2016-01-17T19:20:14Z">
      <class name="com.testcases.SignUpMobileArenaTestCase">
        <test-method status="FAIL" signature="setUp(java.lang.String)[pri:0, instance:com.testcases.SignUpMobileArenaTestCase@281fba6e]" name="setUp" is-config="true" duration-ms="0" started-at="2016-01-18T00:20:14Z" finished-at="2016-01-18T00:20:14Z">
          <params>
            <param index="0">
              <value>
                <![CDATA[firefox]]>
              </value>
            </param>
          </params>
          <exception class="java.lang.NullPointerException">
            <full-stacktrace>
              <![CDATA[java.lang.NullPointerException
	at com.baseDriver.BaseDriver.setUp(BaseDriver.java:62)
	at sun.reflect.NativeMethodAccessorImpl.invoke0(Native Method)
	at sun.reflect.NativeMethodAccessorImpl.invoke(NativeMethodAccessorImpl.java:57)
	at sun.reflect.DelegatingMethodAccessorImpl.invoke(DelegatingMethodAccessorImpl.java:43)
	at java.lang.reflect.Method.invoke(Method.java:606)
	at org.testng.internal.MethodInvocationHelper.invokeMethod(MethodInvocationHelper.java:85)
	at org.testng.internal.Invoker.invokeConfigurationMethod(Invoker.java:510)
	at org.testng.internal.Invoker.invokeConfigurations(Invoker.java:211)
	at org.testng.internal.Invoker.invokeConfigurations(Invoker.java:138)
	at org.testng.internal.TestMethodWorker.invokeBeforeClassMethods(TestMethodWorker.java:170)
	at org.testng.internal.TestMethodWorker.run(TestMethodWorker.java:104)
	at org.testng.TestRunner.privateRun(TestRunner.java:773)
	at org.testng.TestRunner.run(TestRunner.java:623)
	at org.testng.SuiteRunner.runTest(SuiteRunner.java:357)
	at org.testng.SuiteRunner.access$000(SuiteRunner.java:39)
	at org.testng.SuiteRunner$SuiteWorker.run(SuiteRunner.java:391)
	at org.testng.internal.thread.ThreadUtil$2.call(ThreadUtil.java:64)
	at java.util.concurrent.FutureTask.run(FutureTask.java:262)
	at java.util.concurrent.ThreadPoolExecutor.runWorker(ThreadPoolExecutor.java:1145)
	at java.util.concurrent.ThreadPoolExecutor$Worker.run(ThreadPoolExecutor.java:615)
	at java.lang.Thread.run(Thread.java:745)
]]>
            </full-stacktrace>
          </exception> <!-- java.lang.NullPointerException -->
          <reporter-output>
          </reporter-output>
        </test-method> <!-- setUp -->
        <test-method status="SKIP" signature="signUpMobileArenaTestCase()[pri:0, instance:com.testcases.SignUpMobileArenaTestCase@281fba6e]" name="signUpMobileArenaTestCase" duration-ms="3" started-at="2016-01-18T00:20:14Z" finished-at="2016-01-18T00:20:14Z">
          <reporter-output>
          </reporter-output>
        </test-method> <!-- signUpMobileArenaTestCase -->
        <test-method status="SKIP" signature="tearDown()[pri:0, instance:com.testcases.SignUpMobileArenaTestCase@281fba6e]" name="tearDown" is-config="true" duration-ms="0" started-at="2016-01-18T00:20:14Z" finished-at="2016-01-18T00:20:14Z">
          <reporter-output>
          </reporter-output>
        </test-method> <!-- tearDown -->
      </class> <!-- com.testcases.SignUpMobileArenaTestCase -->
    </test> <!-- Firefox Test Signup -->
    <test name="IExplore Test Signup" duration-ms="4" started-at="2016-01-17T19:20:14Z" finished-at="2016-01-17T19:20:14Z">
      <class name="com.testcases.SignUpMobileArenaTestCase">
        <test-method status="FAIL" signature="setUp(java.lang.String)[pri:0, instance:com.testcases.SignUpMobileArenaTestCase@2e378b91]" name="setUp" is-config="true" duration-ms="0" started-at="2016-01-18T00:20:14Z" finished-at="2016-01-18T00:20:14Z">
          <params>
            <param index="0">
              <value>
                <![CDATA[internetExplorer]]>
              </value>
            </param>
          </params>
          <exception class="java.lang.NullPointerException">
            <full-stacktrace>
              <![CDATA[java.lang.NullPointerException
	at com.baseDriver.BaseDriver.setUp(BaseDriver.java:62)
	at sun.reflect.NativeMethodAccessorImpl.invoke0(Native Method)
	at sun.reflect.NativeMethodAccessorImpl.invoke(NativeMethodAccessorImpl.java:57)
	at sun.reflect.DelegatingMethodAccessorImpl.invoke(DelegatingMethodAccessorImpl.java:43)
	at java.lang.reflect.Method.invoke(Method.java:606)
	at org.testng.internal.MethodInvocationHelper.invokeMethod(MethodInvocationHelper.java:85)
	at org.testng.internal.Invoker.invokeConfigurationMethod(Invoker.java:510)
	at org.testng.internal.Invoker.invokeConfigurations(Invoker.java:211)
	at org.testng.internal.Invoker.invokeConfigurations(Invoker.java:138)
	at org.testng.internal.TestMethodWorker.invokeBeforeClassMethods(TestMethodWorker.java:170)
	at org.testng.internal.TestMethodWorker.run(TestMethodWorker.java:104)
	at org.testng.TestRunner.privateRun(TestRunner.java:773)
	at org.testng.TestRunner.run(TestRunner.java:623)
	at org.testng.SuiteRunner.runTest(SuiteRunner.java:357)
	at org.testng.SuiteRunner.access$000(SuiteRunner.java:39)
	at org.testng.SuiteRunner$SuiteWorker.run(SuiteRunner.java:391)
	at org.testng.internal.thread.ThreadUtil$2.call(ThreadUtil.java:64)
	at java.util.concurrent.FutureTask.run(FutureTask.java:262)
	at java.util.concurrent.ThreadPoolExecutor.runWorker(ThreadPoolExecutor.java:1145)
	at java.util.concurrent.ThreadPoolExecutor$Worker.run(ThreadPoolExecutor.java:615)
	at java.lang.Thread.run(Thread.java:745)
]]>
            </full-stacktrace>
          </exception> <!-- java.lang.NullPointerException -->
          <reporter-output>
          </reporter-output>
        </test-method> <!-- setUp -->
        <test-method status="SKIP" signature="signUpMobileArenaTestCase()[pri:0, instance:com.testcases.SignUpMobileArenaTestCase@2e378b91]" name="signUpMobileArenaTestCase" duration-ms="0" started-at="2016-01-18T00:20:14Z" finished-at="2016-01-18T00:20:14Z">
          <reporter-output>
          </reporter-output>
        </test-method> <!-- signUpMobileArenaTestCase -->
        <test-method status="SKIP" signature="tearDown()[pri:0, instance:com.testcases.SignUpMobileArenaTestCase@2e378b91]" name="tearDown" is-config="true" duration-ms="0" started-at="2016-01-18T00:20:14Z" finished-at="2016-01-18T00:20:14Z">
          <reporter-output>
          </reporter-output>
        </test-method> <!-- tearDown -->
      </class> <!-- com.testcases.SignUpMobileArenaTestCase -->
    </test> <!-- IExplore Test Signup -->
    <test name="Safari Test Signup" duration-ms="102879" started-at="2016-01-17T19:20:14Z" finished-at="2016-01-17T19:21:57Z">
      <class name="com.testcases.SignUpMobileArenaTestCase">
        <test-method status="PASS" signature="setUp(java.lang.String)[pri:0, instance:com.testcases.SignUpMobileArenaTestCase@7049cca1]" name="setUp" is-config="true" duration-ms="368" started-at="2016-01-18T00:20:14Z" finished-at="2016-01-18T00:20:14Z">
          <params>
            <param index="0">
              <value>
                <![CDATA[safari]]>
              </value>
            </param>
          </params>
          <reporter-output>
          </reporter-output>
        </test-method> <!-- setUp -->
        <test-method status="FAIL" signature="signUpMobileArenaTestCase()[pri:0, instance:com.testcases.SignUpMobileArenaTestCase@7049cca1]" name="signUpMobileArenaTestCase" duration-ms="102504" started-at="2016-01-18T00:20:14Z" finished-at="2016-01-18T00:21:57Z">
          <exception class="org.openqa.selenium.remote.UnreachableBrowserException">
            <message>
              <![CDATA[Error communicating with the remote browser. It may have died.
Build info: version: '2.48.2', revision: '41bccdd', time: '2015-10-09 19:59:12'
System info: host: 'FARHANYASEEN-PC', ip: '192.168.10.34', os.name: 'Windows 7', os.arch: 'amd64', os.version: '6.1', java.version: '1.7.0_67'
Driver info: driver.version: SafariDriver]]>
            </message>
            <full-stacktrace>
              <![CDATA[org.openqa.selenium.remote.UnreachableBrowserException: Error communicating with the remote browser. It may have died.
Build info: version: '2.48.2', revision: '41bccdd', time: '2015-10-09 19:59:12'
System info: host: 'FARHANYASEEN-PC', ip: '192.168.10.34', os.name: 'Windows 7', os.arch: 'amd64', os.version: '6.1', java.version: '1.7.0_67'
Driver info: driver.version: SafariDriver
	at org.openqa.selenium.remote.RemoteWebDriver.execute(RemoteWebDriver.java:641)
	at org.openqa.selenium.remote.RemoteWebDriver.execute(RemoteWebDriver.java:670)
	at org.openqa.selenium.safari.SafariDriver.getScreenshotAs(SafariDriver.java:91)
	at com.report.Report.takeScreenShot(Report.java:34)
	at com.testcases.SignUpMobileArenaTestCase.signUpMobileArenaTestCase(SignUpMobileArenaTestCase.java:101)
	at sun.reflect.NativeMethodAccessorImpl.invoke0(Native Method)
	at sun.reflect.NativeMethodAccessorImpl.invoke(NativeMethodAccessorImpl.java:57)
	at sun.reflect.DelegatingMethodAccessorImpl.invoke(DelegatingMethodAccessorImpl.java:43)
	at java.lang.reflect.Method.invoke(Method.java:606)
	at org.testng.internal.MethodInvocationHelper.invokeMethod(MethodInvocationHelper.java:85)
	at org.testng.internal.Invoker.invokeMethod(Invoker.java:639)
	at org.testng.internal.Invoker.invokeTestMethod(Invoker.java:821)
	at org.testng.internal.Invoker.invokeTestMethods(Invoker.java:1131)
	at org.testng.internal.TestMethodWorker.invokeTestMethods(TestMethodWorker.java:124)
	at org.testng.internal.TestMethodWorker.run(TestMethodWorker.java:108)
	at org.testng.TestRunner.privateRun(TestRunner.java:773)
	at org.testng.TestRunner.run(TestRunner.java:623)
	at org.testng.SuiteRunner.runTest(SuiteRunner.java:357)
	at org.testng.SuiteRunner.access$000(SuiteRunner.java:39)
	at org.testng.SuiteRunner$SuiteWorker.run(SuiteRunner.java:391)
	at org.testng.internal.thread.ThreadUtil$2.call(ThreadUtil.java:64)
	at java.util.concurrent.FutureTask.run(FutureTask.java:262)
	at java.util.concurrent.ThreadPoolExecutor.runWorker(ThreadPoolExecutor.java:1145)
	at java.util.concurrent.ThreadPoolExecutor$Worker.run(ThreadPoolExecutor.java:615)
	at java.lang.Thread.run(Thread.java:745)
Caused by: java.lang.IllegalStateException: The WebSocket connection has been closed
	at com.google.common.base.Preconditions.checkState(Preconditions.java:173)
	at org.openqa.selenium.safari.WebSocketConnection.checkChannel(WebSocketConnection.java:118)
	at org.openqa.selenium.safari.WebSocketConnection.send(WebSocketConnection.java:131)
	at org.openqa.selenium.safari.SafariDriverCommandExecutor.execute(SafariDriverCommandExecutor.java:188)
	at org.openqa.selenium.remote.RemoteWebDriver.execute(RemoteWebDriver.java:620)
	... 24 more
]]>
            </full-stacktrace>
          </exception> <!-- org.openqa.selenium.remote.UnreachableBrowserException -->
          <reporter-output>
          </reporter-output>
        </test-method> <!-- signUpMobileArenaTestCase -->
        <test-method status="PASS" signature="tearDown()[pri:0, instance:com.testcases.SignUpMobileArenaTestCase@7049cca1]" name="tearDown" is-config="true" duration-ms="0" started-at="2016-01-18T00:21:57Z" finished-at="2016-01-18T00:21:57Z">
          <reporter-output>
          </reporter-output>
        </test-method> <!-- tearDown -->
      </class> <!-- com.testcases.SignUpMobileArenaTestCase -->
    </test> <!-- Safari Test Signup -->
    <test name="Firefox Test  FeedBackTestCase" duration-ms="5" started-at="2016-01-17T19:21:57Z" finished-at="2016-01-17T19:21:57Z">
      <class name="com.testcases.FeedBackTestCase">
        <test-method status="FAIL" signature="setUp(java.lang.String)[pri:0, instance:com.testcases.FeedBackTestCase@6faa3306]" name="setUp" is-config="true" duration-ms="0" started-at="2016-01-18T00:21:57Z" finished-at="2016-01-18T00:21:57Z">
          <params>
            <param index="0">
              <value>
                <![CDATA[firefox]]>
              </value>
            </param>
          </params>
          <exception class="java.lang.NullPointerException">
            <full-stacktrace>
              <![CDATA[java.lang.NullPointerException
	at com.baseDriver.BaseDriver.setUp(BaseDriver.java:62)
	at sun.reflect.GeneratedMethodAccessor8.invoke(Unknown Source)
	at sun.reflect.DelegatingMethodAccessorImpl.invoke(DelegatingMethodAccessorImpl.java:43)
	at java.lang.reflect.Method.invoke(Method.java:606)
	at org.testng.internal.MethodInvocationHelper.invokeMethod(MethodInvocationHelper.java:85)
	at org.testng.internal.Invoker.invokeConfigurationMethod(Invoker.java:510)
	at org.testng.internal.Invoker.invokeConfigurations(Invoker.java:211)
	at org.testng.internal.Invoker.invokeConfigurations(Invoker.java:138)
	at org.testng.internal.TestMethodWorker.invokeBeforeClassMethods(TestMethodWorker.java:170)
	at org.testng.internal.TestMethodWorker.run(TestMethodWorker.java:104)
	at org.testng.TestRunner.privateRun(TestRunner.java:773)
	at org.testng.TestRunner.run(TestRunner.java:623)
	at org.testng.SuiteRunner.runTest(SuiteRunner.java:357)
	at org.testng.SuiteRunner.access$000(SuiteRunner.java:39)
	at org.testng.SuiteRunner$SuiteWorker.run(SuiteRunner.java:391)
	at org.testng.internal.thread.ThreadUtil$2.call(ThreadUtil.java:64)
	at java.util.concurrent.FutureTask.run(FutureTask.java:262)
	at java.util.concurrent.ThreadPoolExecutor.runWorker(ThreadPoolExecutor.java:1145)
	at java.util.concurrent.ThreadPoolExecutor$Worker.run(ThreadPoolExecutor.java:615)
	at java.lang.Thread.run(Thread.java:745)
]]>
            </full-stacktrace>
          </exception> <!-- java.lang.NullPointerException -->
          <reporter-output>
          </reporter-output>
        </test-method> <!-- setUp -->
        <test-method status="SKIP" signature="feedbackTestCase()[pri:0, instance:com.testcases.FeedBackTestCase@6faa3306]" name="feedbackTestCase" duration-ms="1" started-at="2016-01-18T00:21:57Z" finished-at="2016-01-18T00:21:57Z">
          <reporter-output>
          </reporter-output>
        </test-method> <!-- feedbackTestCase -->
        <test-method status="SKIP" signature="tearDown()[pri:0, instance:com.testcases.FeedBackTestCase@6faa3306]" name="tearDown" is-config="true" duration-ms="0" started-at="2016-01-18T00:21:57Z" finished-at="2016-01-18T00:21:57Z">
          <reporter-output>
          </reporter-output>
        </test-method> <!-- tearDown -->
      </class> <!-- com.testcases.FeedBackTestCase -->
    </test> <!-- Firefox Test  FeedBackTestCase -->
    <test name="Chrome Test FeedBackTestCase" duration-ms="5" started-at="2016-01-17T19:21:57Z" finished-at="2016-01-17T19:21:57Z">
      <class name="com.testcases.FeedBackTestCase">
        <test-method status="FAIL" signature="setUp(java.lang.String)[pri:0, instance:com.testcases.FeedBackTestCase@484734b7]" name="setUp" is-config="true" duration-ms="0" started-at="2016-01-18T00:21:57Z" finished-at="2016-01-18T00:21:57Z">
          <params>
            <param index="0">
              <value>
                <![CDATA[chrome]]>
              </value>
            </param>
          </params>
          <exception class="java.lang.NullPointerException">
            <full-stacktrace>
              <![CDATA[java.lang.NullPointerException
	at com.baseDriver.BaseDriver.setUp(BaseDriver.java:62)
	at sun.reflect.GeneratedMethodAccessor8.invoke(Unknown Source)
	at sun.reflect.DelegatingMethodAccessorImpl.invoke(DelegatingMethodAccessorImpl.java:43)
	at java.lang.reflect.Method.invoke(Method.java:606)
	at org.testng.internal.MethodInvocationHelper.invokeMethod(MethodInvocationHelper.java:85)
	at org.testng.internal.Invoker.invokeConfigurationMethod(Invoker.java:510)
	at org.testng.internal.Invoker.invokeConfigurations(Invoker.java:211)
	at org.testng.internal.Invoker.invokeConfigurations(Invoker.java:138)
	at org.testng.internal.TestMethodWorker.invokeBeforeClassMethods(TestMethodWorker.java:170)
	at org.testng.internal.TestMethodWorker.run(TestMethodWorker.java:104)
	at org.testng.TestRunner.privateRun(TestRunner.java:773)
	at org.testng.TestRunner.run(TestRunner.java:623)
	at org.testng.SuiteRunner.runTest(SuiteRunner.java:357)
	at org.testng.SuiteRunner.access$000(SuiteRunner.java:39)
	at org.testng.SuiteRunner$SuiteWorker.run(SuiteRunner.java:391)
	at org.testng.internal.thread.ThreadUtil$2.call(ThreadUtil.java:64)
	at java.util.concurrent.FutureTask.run(FutureTask.java:262)
	at java.util.concurrent.ThreadPoolExecutor.runWorker(ThreadPoolExecutor.java:1145)
	at java.util.concurrent.ThreadPoolExecutor$Worker.run(ThreadPoolExecutor.java:615)
	at java.lang.Thread.run(Thread.java:745)
]]>
            </full-stacktrace>
          </exception> <!-- java.lang.NullPointerException -->
          <reporter-output>
          </reporter-output>
        </test-method> <!-- setUp -->
        <test-method status="SKIP" signature="feedbackTestCase()[pri:0, instance:com.testcases.FeedBackTestCase@484734b7]" name="feedbackTestCase" duration-ms="0" started-at="2016-01-18T00:21:57Z" finished-at="2016-01-18T00:21:57Z">
          <reporter-output>
          </reporter-output>
        </test-method> <!-- feedbackTestCase -->
        <test-method status="SKIP" signature="tearDown()[pri:0, instance:com.testcases.FeedBackTestCase@484734b7]" name="tearDown" is-config="true" duration-ms="0" started-at="2016-01-18T00:21:57Z" finished-at="2016-01-18T00:21:57Z">
          <reporter-output>
          </reporter-output>
        </test-method> <!-- tearDown -->
      </class> <!-- com.testcases.FeedBackTestCase -->
    </test> <!-- Chrome Test FeedBackTestCase -->
    <test name="IExplore Test FeedBackTestCase" duration-ms="4" started-at="2016-01-17T19:21:57Z" finished-at="2016-01-17T19:21:57Z">
      <class name="com.testcases.FeedBackTestCase">
        <test-method status="FAIL" signature="setUp(java.lang.String)[pri:0, instance:com.testcases.FeedBackTestCase@504b7651]" name="setUp" is-config="true" duration-ms="0" started-at="2016-01-18T00:21:57Z" finished-at="2016-01-18T00:21:57Z">
          <params>
            <param index="0">
              <value>
                <![CDATA[internetExplorer]]>
              </value>
            </param>
          </params>
          <exception class="java.lang.NullPointerException">
            <full-stacktrace>
              <![CDATA[java.lang.NullPointerException
	at com.baseDriver.BaseDriver.setUp(BaseDriver.java:62)
	at sun.reflect.GeneratedMethodAccessor8.invoke(Unknown Source)
	at sun.reflect.DelegatingMethodAccessorImpl.invoke(DelegatingMethodAccessorImpl.java:43)
	at java.lang.reflect.Method.invoke(Method.java:606)
	at org.testng.internal.MethodInvocationHelper.invokeMethod(MethodInvocationHelper.java:85)
	at org.testng.internal.Invoker.invokeConfigurationMethod(Invoker.java:510)
	at org.testng.internal.Invoker.invokeConfigurations(Invoker.java:211)
	at org.testng.internal.Invoker.invokeConfigurations(Invoker.java:138)
	at org.testng.internal.TestMethodWorker.invokeBeforeClassMethods(TestMethodWorker.java:170)
	at org.testng.internal.TestMethodWorker.run(TestMethodWorker.java:104)
	at org.testng.TestRunner.privateRun(TestRunner.java:773)
	at org.testng.TestRunner.run(TestRunner.java:623)
	at org.testng.SuiteRunner.runTest(SuiteRunner.java:357)
	at org.testng.SuiteRunner.access$000(SuiteRunner.java:39)
	at org.testng.SuiteRunner$SuiteWorker.run(SuiteRunner.java:391)
	at org.testng.internal.thread.ThreadUtil$2.call(ThreadUtil.java:64)
	at java.util.concurrent.FutureTask.run(FutureTask.java:262)
	at java.util.concurrent.ThreadPoolExecutor.runWorker(ThreadPoolExecutor.java:1145)
	at java.util.concurrent.ThreadPoolExecutor$Worker.run(ThreadPoolExecutor.java:615)
	at java.lang.Thread.run(Thread.java:745)
]]>
            </full-stacktrace>
          </exception> <!-- java.lang.NullPointerException -->
          <reporter-output>
          </reporter-output>
        </test-method> <!-- setUp -->
        <test-method status="SKIP" signature="feedbackTestCase()[pri:0, instance:com.testcases.FeedBackTestCase@504b7651]" name="feedbackTestCase" duration-ms="1" started-at="2016-01-18T00:21:57Z" finished-at="2016-01-18T00:21:57Z">
          <reporter-output>
          </reporter-output>
        </test-method> <!-- feedbackTestCase -->
        <test-method status="SKIP" signature="tearDown()[pri:0, instance:com.testcases.FeedBackTestCase@504b7651]" name="tearDown" is-config="true" duration-ms="0" started-at="2016-01-18T00:21:57Z" finished-at="2016-01-18T00:21:57Z">
          <reporter-output>
          </reporter-output>
        </test-method> <!-- tearDown -->
      </class> <!-- com.testcases.FeedBackTestCase -->
    </test> <!-- IExplore Test FeedBackTestCase -->
    <test name="Safari Test FeedBackTestCase" duration-ms="10256" started-at="2016-01-17T19:21:57Z" finished-at="2016-01-17T19:22:07Z">
      <class name="com.testcases.FeedBackTestCase">
        <test-method status="FAIL" signature="setUp(java.lang.String)[pri:0, instance:com.testcases.FeedBackTestCase@54a8c871]" name="setUp" is-config="true" duration-ms="0" started-at="2016-01-18T00:21:57Z" finished-at="2016-01-18T00:21:57Z">
          <params>
            <param index="0">
              <value>
                <![CDATA[safari]]>
              </value>
            </param>
          </params>
          <exception class="java.lang.RuntimeException">
            <message>
              <![CDATA[Process refused to die after 10 seconds, and couldn't taskkill it: Unable to find executable for: taskkill]]>
            </message>
            <full-stacktrace>
              <![CDATA[java.lang.RuntimeException: Process refused to die after 10 seconds, and couldn't taskkill it: Unable to find executable for: taskkill
	at org.openqa.selenium.os.ProcessUtils.killWinProcess(ProcessUtils.java:142)
	at org.openqa.selenium.os.ProcessUtils.killProcess(ProcessUtils.java:81)
	at org.openqa.selenium.os.UnixProcess$SeleniumWatchDog.destroyHarder(UnixProcess.java:247)
	at org.openqa.selenium.os.UnixProcess$SeleniumWatchDog.access$2(UnixProcess.java:246)
	at org.openqa.selenium.os.UnixProcess.destroy(UnixProcess.java:125)
	at org.openqa.selenium.os.CommandLine.destroy(CommandLine.java:155)
	at org.openqa.selenium.safari.SafariDriverCommandExecutor.stop(SafariDriverCommandExecutor.java:155)
	at org.openqa.selenium.safari.SafariDriverCommandExecutor.start(SafariDriverCommandExecutor.java:120)
	at org.openqa.selenium.safari.SafariDriver.startClient(SafariDriver.java:76)
	at org.openqa.selenium.remote.RemoteWebDriver.<init>(RemoteWebDriver.java:117)
	at org.openqa.selenium.remote.RemoteWebDriver.<init>(RemoteWebDriver.java:142)
	at org.openqa.selenium.safari.SafariDriver.<init>(SafariDriver.java:62)
	at org.openqa.selenium.safari.SafariDriver.<init>(SafariDriver.java:42)
	at com.baseDriver.BaseDriver.setUp(BaseDriver.java:51)
	at sun.reflect.GeneratedMethodAccessor8.invoke(Unknown Source)
	at sun.reflect.DelegatingMethodAccessorImpl.invoke(DelegatingMethodAccessorImpl.java:43)
	at java.lang.reflect.Method.invoke(Method.java:606)
	at org.testng.internal.MethodInvocationHelper.invokeMethod(MethodInvocationHelper.java:85)
	at org.testng.internal.Invoker.invokeConfigurationMethod(Invoker.java:510)
	at org.testng.internal.Invoker.invokeConfigurations(Invoker.java:211)
	at org.testng.internal.Invoker.invokeConfigurations(Invoker.java:138)
	at org.testng.internal.TestMethodWorker.invokeBeforeClassMethods(TestMethodWorker.java:170)
	at org.testng.internal.TestMethodWorker.run(TestMethodWorker.java:104)
	at org.testng.TestRunner.privateRun(TestRunner.java:773)
	at org.testng.TestRunner.run(TestRunner.java:623)
	at org.testng.SuiteRunner.runTest(SuiteRunner.java:357)
	at org.testng.SuiteRunner.access$000(SuiteRunner.java:39)
	at org.testng.SuiteRunner$SuiteWorker.run(SuiteRunner.java:391)
	at org.testng.internal.thread.ThreadUtil$2.call(ThreadUtil.java:64)
	at java.util.concurrent.FutureTask.run(FutureTask.java:262)
	at java.util.concurrent.ThreadPoolExecutor.runWorker(ThreadPoolExecutor.java:1145)
	at java.util.concurrent.ThreadPoolExecutor$Worker.run(ThreadPoolExecutor.java:615)
	at java.lang.Thread.run(Thread.java:745)
Caused by: java.lang.NullPointerException: Unable to find executable for: taskkill
	at com.google.common.base.Preconditions.checkNotNull(Preconditions.java:250)
	at org.openqa.selenium.os.UnixProcess.<init>(UnixProcess.java:62)
	at org.openqa.selenium.os.CommandLine.<init>(CommandLine.java:38)
	at org.openqa.selenium.os.WindowsUtils.killPID(WindowsUtils.java:178)
	at org.openqa.selenium.os.ProcessUtils.killWinProcess(ProcessUtils.java:138)
	... 32 more
]]>
            </full-stacktrace>
          </exception> <!-- java.lang.RuntimeException -->
          <reporter-output>
          </reporter-output>
        </test-method> <!-- setUp -->
        <test-method status="SKIP" signature="feedbackTestCase()[pri:0, instance:com.testcases.FeedBackTestCase@54a8c871]" name="feedbackTestCase" duration-ms="0" started-at="2016-01-18T00:22:07Z" finished-at="2016-01-18T00:22:07Z">
          <reporter-output>
          </reporter-output>
        </test-method> <!-- feedbackTestCase -->
        <test-method status="SKIP" signature="tearDown()[pri:0, instance:com.testcases.FeedBackTestCase@54a8c871]" name="tearDown" is-config="true" duration-ms="0" started-at="2016-01-18T00:22:07Z" finished-at="2016-01-18T00:22:07Z">
          <reporter-output>
          </reporter-output>
        </test-method> <!-- tearDown -->
      </class> <!-- com.testcases.FeedBackTestCase -->
    </test> <!-- Safari Test FeedBackTestCase -->
  </suite> <!-- Parallel test runs -->
</testng-results>
